<?xml version="1.0" encoding="UTF-8"?>
<coverage generated="1561655516962" clover="3.2.0">
  <project timestamp="1561655516962" name="All files">
    <metrics statements="64" coveredstatements="53" conditionals="19" coveredconditionals="10" methods="25" coveredmethods="20" elements="108" coveredelements="83" complexity="0" loc="64" ncloc="64" packages="9" files="13" classes="13"/>
    <package name="src">
      <metrics statements="2" coveredstatements="2" conditionals="0" coveredconditionals="0" methods="1" coveredmethods="1"/>
      <file name="routes.js" path="/Users/martin/code/sims2/playground/politico-react-2/src/routes.js">
        <metrics statements="2" coveredstatements="2" conditionals="0" coveredconditionals="0" methods="1" coveredmethods="1"/>
        <line num="9" count="1" type="stmt"/>
        <line num="10" count="1" type="stmt"/>
      </file>
    </package>
    <package name="src.components">
      <metrics statements="2" coveredstatements="2" conditionals="0" coveredconditionals="0" methods="1" coveredmethods="1"/>
      <file name="App.js" path="/Users/martin/code/sims2/playground/politico-react-2/src/components/App.js">
        <metrics statements="2" coveredstatements="2" conditionals="0" coveredconditionals="0" methods="1" coveredmethods="1"/>
        <line num="9" count="1" type="stmt"/>
        <line num="16" count="1" type="stmt"/>
      </file>
    </package>
    <package name="src.components.Helpers">
      <metrics statements="9" coveredstatements="5" conditionals="4" coveredconditionals="1" methods="6" coveredmethods="4"/>
      <file name="Alert.js" path="/Users/martin/code/sims2/playground/politico-react-2/src/components/Helpers/Alert.js">
        <metrics statements="9" coveredstatements="5" conditionals="4" coveredconditionals="1" methods="6" coveredmethods="4"/>
        <line num="8" count="1" type="stmt"/>
        <line num="12" count="1" type="cond" truecount="1" falsecount="1"/>
        <line num="13" count="0" type="stmt"/>
        <line num="17" count="0" type="cond" truecount="0" falsecount="2"/>
        <line num="18" count="0" type="stmt"/>
        <line num="23" count="1" type="stmt"/>
        <line num="27" count="1" type="stmt"/>
        <line num="30" count="1" type="stmt"/>
        <line num="31" count="0" type="stmt"/>
      </file>
    </package>
    <package name="src.components.Login">
      <metrics statements="17" coveredstatements="14" conditionals="2" coveredconditionals="0" methods="8" coveredmethods="7"/>
      <file name="Login.js" path="/Users/martin/code/sims2/playground/politico-react-2/src/components/Login/Login.js">
        <metrics statements="17" coveredstatements="14" conditionals="2" coveredconditionals="0" methods="8" coveredmethods="7"/>
        <line num="9" count="2" type="stmt"/>
        <line num="10" count="2" type="stmt"/>
        <line num="14" count="2" type="stmt"/>
        <line num="15" count="2" type="stmt"/>
        <line num="18" count="1" type="stmt"/>
        <line num="19" count="1" type="stmt"/>
        <line num="20" count="1" type="stmt"/>
        <line num="21" count="0" type="cond" truecount="0" falsecount="2"/>
        <line num="22" count="0" type="stmt"/>
        <line num="23" count="0" type="stmt"/>
        <line num="28" count="2" type="stmt"/>
        <line num="33" count="6" type="stmt"/>
        <line num="89" count="2" type="stmt"/>
        <line num="90" count="4" type="stmt"/>
        <line num="92" count="2" type="stmt"/>
        <line num="93" count="2" type="stmt"/>
        <line num="94" count="1" type="stmt"/>
      </file>
    </package>
    <package name="src.components.Nav">
      <metrics statements="5" coveredstatements="2" conditionals="0" coveredconditionals="0" methods="2" coveredmethods="1"/>
      <file name="Nav.js" path="/Users/martin/code/sims2/playground/politico-react-2/src/components/Nav/Nav.js">
        <metrics statements="5" coveredstatements="2" conditionals="0" coveredconditionals="0" methods="2" coveredmethods="1"/>
        <line num="3" count="1" type="stmt"/>
        <line num="4" count="1" type="stmt"/>
        <line num="27" count="0" type="stmt"/>
        <line num="28" count="0" type="stmt"/>
        <line num="29" count="0" type="stmt"/>
      </file>
    </package>
    <package name="src.redux">
      <metrics statements="3" coveredstatements="3" conditionals="2" coveredconditionals="1" methods="0" coveredmethods="0"/>
      <file name="actionTypes.js" path="/Users/martin/code/sims2/playground/politico-react-2/src/redux/actionTypes.js">
        <metrics statements="1" coveredstatements="1" conditionals="0" coveredconditionals="0" methods="0" coveredmethods="0"/>
        <line num="1" count="8" type="stmt"/>
      </file>
      <file name="store.js" path="/Users/martin/code/sims2/playground/politico-react-2/src/redux/store.js">
        <metrics statements="2" coveredstatements="2" conditionals="2" coveredconditionals="1" methods="0" coveredmethods="0"/>
        <line num="4" count="3" type="stmt"/>
        <line num="8" count="3" type="stmt"/>
      </file>
    </package>
    <package name="src.redux.actions">
      <metrics statements="15" coveredstatements="15" conditionals="5" coveredconditionals="2" methods="4" coveredmethods="4"/>
      <file name="loginActions.js" path="/Users/martin/code/sims2/playground/politico-react-2/src/redux/actions/loginActions.js">
        <metrics statements="13" coveredstatements="13" conditionals="5" coveredconditionals="2" methods="3" coveredmethods="3"/>
        <line num="6" count="3" type="stmt"/>
        <line num="7" count="3" type="stmt"/>
        <line num="10" count="1" type="cond" truecount="1" falsecount="1"/>
        <line num="11" count="1" type="stmt"/>
        <line num="12" count="1" type="stmt"/>
        <line num="13" count="1" type="stmt"/>
        <line num="14" count="1" type="stmt"/>
        <line num="15" count="1" type="stmt"/>
        <line num="16" count="1" type="stmt"/>
        <line num="20" count="1" type="cond" truecount="1" falsecount="1"/>
        <line num="21" count="1" type="stmt"/>
        <line num="22" count="1" type="stmt"/>
        <line num="23" count="1" type="stmt"/>
      </file>
      <file name="messageAction.js" path="/Users/martin/code/sims2/playground/politico-react-2/src/redux/actions/messageAction.js">
        <metrics statements="2" coveredstatements="2" conditionals="0" coveredconditionals="0" methods="1" coveredmethods="1"/>
        <line num="2" count="4" type="stmt"/>
        <line num="3" count="3" type="stmt"/>
      </file>
    </package>
    <package name="src.redux.reducers">
      <metrics statements="8" coveredstatements="8" conditionals="6" coveredconditionals="6" methods="2" coveredmethods="2"/>
      <file name="candidateReducer.js" path="/Users/martin/code/sims2/playground/politico-react-2/src/redux/reducers/candidateReducer.js">
        <metrics statements="4" coveredstatements="4" conditionals="3" coveredconditionals="3" methods="1" coveredmethods="1"/>
        <line num="2" count="8" type="stmt"/>
        <line num="6" count="33" type="cond" truecount="2" falsecount="0"/>
        <line num="8" count="2" type="stmt"/>
        <line num="10" count="31" type="stmt"/>
      </file>
      <file name="index.js" path="/Users/martin/code/sims2/playground/politico-react-2/src/redux/reducers/index.js">
        <metrics statements="0" coveredstatements="0" conditionals="0" coveredconditionals="0" methods="0" coveredmethods="0"/>
      </file>
      <file name="messageReducer.js" path="/Users/martin/code/sims2/playground/politico-react-2/src/redux/reducers/messageReducer.js">
        <metrics statements="4" coveredstatements="4" conditionals="3" coveredconditionals="3" methods="1" coveredmethods="1"/>
        <line num="3" count="8" type="cond" truecount="1" falsecount="0"/>
        <line num="4" count="29" type="cond" truecount="2" falsecount="0"/>
        <line num="6" count="2" type="stmt"/>
        <line num="8" count="27" type="stmt"/>
      </file>
    </package>
    <package name="src.utils">
      <metrics statements="3" coveredstatements="2" conditionals="0" coveredconditionals="0" methods="1" coveredmethods="0"/>
      <file name="globalVars.js" path="/Users/martin/code/sims2/playground/politico-react-2/src/utils/globalVars.js">
        <metrics statements="3" coveredstatements="2" conditionals="0" coveredconditionals="0" methods="1" coveredmethods="0"/>
        <line num="1" count="3" type="stmt"/>
        <line num="3" count="3" type="stmt"/>
        <line num="4" count="0" type="stmt"/>
      </file>
    </package>
  </project>
</coverage>
