{"/Users/martin/code/sims2/playground/politico-react-2/src/routes.js": {"path":"/Users/martin/code/sims2/playground/politico-react-2/src/routes.js","statementMap":{"0":{"start":{"line":8,"column":16},"end":{"line":18,"column":1}},"1":{"start":{"line":9,"column":2},"end":{"line":17,"column":4}}},"fnMap":{"0":{"name":"(anonymous_0)","decl":{"start":{"line":8,"column":16},"end":{"line":8,"column":17}},"loc":{"start":{"line":8,"column":22},"end":{"line":18,"column":1}},"line":8}},"branchMap":{},"s":{"0":1,"1":1},"f":{"0":1},"b":{},"_coverageSchema":"43e27e138ebf9cfc5966b082cf9a028302ed4184","hash":"d300e36169b98a9cca5c9f5fe9a635af5f11254d"}
,"/Users/martin/code/sims2/playground/politico-react-2/src/components/App.js": {"path":"/Users/martin/code/sims2/playground/politico-react-2/src/components/App.js","statementMap":{"0":{"start":{"line":7,"column":16},"end":{"line":11,"column":1}},"1":{"start":{"line":14,"column":4},"end":{"line":20,"column":6}}},"fnMap":{"0":{"name":"(anonymous_0)","decl":{"start":{"line":13,"column":2},"end":{"line":13,"column":3}},"loc":{"start":{"line":13,"column":11},"end":{"line":21,"column":3}},"line":13}},"branchMap":{},"s":{"0":1,"1":1},"f":{"0":1},"b":{},"_coverageSchema":"43e27e138ebf9cfc5966b082cf9a028302ed4184","hash":"5d0c1e85ab4d77e481786791db32db899eaf8f23"}
,"/Users/martin/code/sims2/playground/politico-react-2/src/components/400/NotFound.js": {"path":"/Users/martin/code/sims2/playground/politico-react-2/src/components/400/NotFound.js","statementMap":{"0":{"start":{"line":5,"column":4},"end":{"line":9,"column":6}}},"fnMap":{"0":{"name":"(anonymous_0)","decl":{"start":{"line":4,"column":2},"end":{"line":4,"column":3}},"loc":{"start":{"line":4,"column":11},"end":{"line":10,"column":3}},"line":4}},"branchMap":{},"s":{"0":0},"f":{"0":0},"b":{},"_coverageSchema":"43e27e138ebf9cfc5966b082cf9a028302ed4184","hash":"7d43f35a7cd9f3b008c1d5b700462d3ca13bd907"}
,"/Users/martin/code/sims2/playground/politico-react-2/src/components/Home/Home.js": {"path":"/Users/martin/code/sims2/playground/politico-react-2/src/components/Home/Home.js","statementMap":{"0":{"start":{"line":5,"column":4},"end":{"line":5,"column":17}},"1":{"start":{"line":6,"column":4},"end":{"line":6,"column":20}},"2":{"start":{"line":9,"column":4},"end":{"line":18,"column":6}}},"fnMap":{"0":{"name":"(anonymous_0)","decl":{"start":{"line":4,"column":2},"end":{"line":4,"column":3}},"loc":{"start":{"line":4,"column":21},"end":{"line":7,"column":3}},"line":4},"1":{"name":"(anonymous_1)","decl":{"start":{"line":8,"column":2},"end":{"line":8,"column":3}},"loc":{"start":{"line":8,"column":11},"end":{"line":19,"column":3}},"line":8}},"branchMap":{},"s":{"0":2,"1":2,"2":2},"f":{"0":2,"1":2},"b":{},"_coverageSchema":"43e27e138ebf9cfc5966b082cf9a028302ed4184","hash":"f5658ef1f1edaf1c5f42311906e6b701d508b4c3"}
,"/Users/martin/code/sims2/playground/politico-react-2/src/components/Nav/Nav.js": {"path":"/Users/martin/code/sims2/playground/politico-react-2/src/components/Nav/Nav.js","statementMap":{"0":{"start":{"line":4,"column":15},"end":{"line":42,"column":1}},"1":{"start":{"line":5,"column":2},"end":{"line":41,"column":4}},"2":{"start":{"line":28,"column":20},"end":{"line":28,"column":41}},"3":{"start":{"line":29,"column":20},"end":{"line":29,"column":43}},"4":{"start":{"line":30,"column":20},"end":{"line":30,"column":49}}},"fnMap":{"0":{"name":"(anonymous_0)","decl":{"start":{"line":4,"column":15},"end":{"line":4,"column":16}},"loc":{"start":{"line":4,"column":24},"end":{"line":42,"column":1}},"line":4},"1":{"name":"(anonymous_1)","decl":{"start":{"line":27,"column":27},"end":{"line":27,"column":28}},"loc":{"start":{"line":27,"column":33},"end":{"line":31,"column":19}},"line":27}},"branchMap":{},"s":{"0":1,"1":1,"2":0,"3":0,"4":0},"f":{"0":1,"1":0},"b":{},"_coverageSchema":"43e27e138ebf9cfc5966b082cf9a028302ed4184","hash":"e8294aa095bd0a24ae79130cda8ef316b0fe8536"}
,"/Users/martin/code/sims2/playground/politico-react-2/src/components/hoc/PrivateRoute.js": {"path":"/Users/martin/code/sims2/playground/politico-react-2/src/components/hoc/PrivateRoute.js","statementMap":{"0":{"start":{"line":5,"column":16},"end":{"line":5,"column":47}},"1":{"start":{"line":6,"column":19},"end":{"line":6,"column":24}},"2":{"start":{"line":7,"column":2},"end":{"line":9,"column":3}},"3":{"start":{"line":8,"column":4},"end":{"line":8,"column":22}},"4":{"start":{"line":10,"column":2},"end":{"line":10,"column":20}},"5":{"start":{"line":12,"column":21},"end":{"line":32,"column":1}},"6":{"start":{"line":13,"column":18},"end":{"line":13,"column":28}},"7":{"start":{"line":14,"column":2},"end":{"line":14,"column":71}},"8":{"start":{"line":15,"column":2},"end":{"line":31,"column":4}},"9":{"start":{"line":19,"column":8},"end":{"line":28,"column":9}}},"fnMap":{"0":{"name":"isLoggedin","decl":{"start":{"line":4,"column":16},"end":{"line":4,"column":26}},"loc":{"start":{"line":4,"column":29},"end":{"line":11,"column":1}},"line":4},"1":{"name":"(anonymous_1)","decl":{"start":{"line":12,"column":21},"end":{"line":12,"column":22}},"loc":{"start":{"line":12,"column":60},"end":{"line":32,"column":1}},"line":12},"2":{"name":"(anonymous_2)","decl":{"start":{"line":18,"column":14},"end":{"line":18,"column":15}},"loc":{"start":{"line":19,"column":8},"end":{"line":28,"column":9}},"line":19}},"branchMap":{"0":{"loc":{"start":{"line":7,"column":2},"end":{"line":9,"column":3}},"type":"if","locations":[{"start":{"line":7,"column":2},"end":{"line":9,"column":3}},{"start":{"line":7,"column":2},"end":{"line":9,"column":3}}],"line":7},"1":{"loc":{"start":{"line":14,"column":2},"end":{"line":14,"column":70}},"type":"cond-expr","locations":[{"start":{"line":14,"column":17},"end":{"line":14,"column":19}},{"start":{"line":14,"column":22},"end":{"line":14,"column":70}}],"line":14},"2":{"loc":{"start":{"line":19,"column":8},"end":{"line":28,"column":9}},"type":"cond-expr","locations":[{"start":{"line":20,"column":10},"end":{"line":20,"column":34}},{"start":{"line":22,"column":10},"end":{"line":27,"column":12}}],"line":19}},"s":{"0":0,"1":0,"2":0,"3":0,"4":0,"5":1,"6":0,"7":0,"8":0,"9":0},"f":{"0":0,"1":0,"2":0},"b":{"0":[0,0],"1":[0,0],"2":[0,0]},"_coverageSchema":"43e27e138ebf9cfc5966b082cf9a028302ed4184","hash":"617b263d782d17bdcd9bd9c1b4fe06b735af2ae4"}
,"/Users/martin/code/sims2/playground/politico-react-2/src/redux/actionTypes.js": {"path":"/Users/martin/code/sims2/playground/politico-react-2/src/redux/actionTypes.js","statementMap":{"0":{"start":{"line":1,"column":27},"end":{"line":4,"column":1}}},"fnMap":{},"branchMap":{},"s":{"0":5},"f":{},"b":{},"_coverageSchema":"43e27e138ebf9cfc5966b082cf9a028302ed4184","hash":"1f406bdb0d21c98668dc489bfc6dfc8008d741e6"}
,"/Users/martin/code/sims2/playground/politico-react-2/src/redux/reducers/candidateReducer.js": {"path":"/Users/martin/code/sims2/playground/politico-react-2/src/redux/reducers/candidateReducer.js","statementMap":{"0":{"start":{"line":2,"column":21},"end":{"line":4,"column":1}},"1":{"start":{"line":6,"column":2},"end":{"line":11,"column":3}},"2":{"start":{"line":8,"column":6},"end":{"line":8,"column":43}},"3":{"start":{"line":10,"column":6},"end":{"line":10,"column":19}}},"fnMap":{"0":{"name":"candidateReducer","decl":{"start":{"line":5,"column":24},"end":{"line":5,"column":40}},"loc":{"start":{"line":5,"column":71},"end":{"line":12,"column":1}},"line":5}},"branchMap":{"0":{"loc":{"start":{"line":5,"column":41},"end":{"line":5,"column":61}},"type":"default-arg","locations":[{"start":{"line":5,"column":49},"end":{"line":5,"column":61}}],"line":5},"1":{"loc":{"start":{"line":6,"column":2},"end":{"line":11,"column":3}},"type":"switch","locations":[{"start":{"line":7,"column":4},"end":{"line":8,"column":43}},{"start":{"line":9,"column":4},"end":{"line":10,"column":19}}],"line":6}},"s":{"0":5,"1":19,"2":2,"3":17},"f":{"0":19},"b":{"0":[12],"1":[2,17]},"_coverageSchema":"43e27e138ebf9cfc5966b082cf9a028302ed4184","hash":"bc52cba65f7f281d3c9c691d9ac19ad4eb95bc75"}
,"/Users/martin/code/sims2/playground/politico-react-2/src/redux/reducers/index.js": {"path":"/Users/martin/code/sims2/playground/politico-react-2/src/redux/reducers/index.js","statementMap":{},"fnMap":{},"branchMap":{},"s":{},"f":{},"b":{},"_coverageSchema":"43e27e138ebf9cfc5966b082cf9a028302ed4184","hash":"f842c5b5ac1e476779cfb40339c655e84e052b37"}
}
