{"/Users/martin/code/sims2/playground/politico-react-2/src/routes.js": {"path":"/Users/martin/code/sims2/playground/politico-react-2/src/routes.js","statementMap":{"0":{"start":{"line":9,"column":16},"end":{"line":20,"column":1}},"1":{"start":{"line":10,"column":2},"end":{"line":19,"column":4}}},"fnMap":{"0":{"name":"(anonymous_0)","decl":{"start":{"line":9,"column":16},"end":{"line":9,"column":17}},"loc":{"start":{"line":9,"column":22},"end":{"line":20,"column":1}},"line":9}},"branchMap":{},"s":{"0":1,"1":1},"f":{"0":1},"b":{},"_coverageSchema":"43e27e138ebf9cfc5966b082cf9a028302ed4184","hash":"a7ca22b010f9b11a73fe6ed49334ef9c724f29b3"}
,"/Users/martin/code/sims2/playground/politico-react-2/src/components/App.js": {"path":"/Users/martin/code/sims2/playground/politico-react-2/src/components/App.js","statementMap":{"0":{"start":{"line":9,"column":16},"end":{"line":13,"column":1}},"1":{"start":{"line":16,"column":4},"end":{"line":23,"column":6}}},"fnMap":{"0":{"name":"(anonymous_0)","decl":{"start":{"line":15,"column":2},"end":{"line":15,"column":3}},"loc":{"start":{"line":15,"column":11},"end":{"line":24,"column":3}},"line":15}},"branchMap":{},"s":{"0":1,"1":1},"f":{"0":1},"b":{},"_coverageSchema":"43e27e138ebf9cfc5966b082cf9a028302ed4184","hash":"39dc9c96d71204c5481005cf8d3729b17166f952"}
,"/Users/martin/code/sims2/playground/politico-react-2/src/components/Helpers/Alert.js": {"path":"/Users/martin/code/sims2/playground/politico-react-2/src/components/Helpers/Alert.js","statementMap":{"0":{"start":{"line":8,"column":4},"end":{"line":8,"column":17}},"1":{"start":{"line":12,"column":4},"end":{"line":14,"column":5}},"2":{"start":{"line":13,"column":6},"end":{"line":13,"column":51}},"3":{"start":{"line":17,"column":4},"end":{"line":19,"column":5}},"4":{"start":{"line":18,"column":6},"end":{"line":18,"column":51}},"5":{"start":{"line":23,"column":4},"end":{"line":23,"column":19}},"6":{"start":{"line":27,"column":24},"end":{"line":29,"column":2}},"7":{"start":{"line":27,"column":34},"end":{"line":29,"column":1}},"8":{"start":{"line":30,"column":27},"end":{"line":34,"column":1}},"9":{"start":{"line":31,"column":2},"end":{"line":33,"column":4}}},"fnMap":{"0":{"name":"(anonymous_0)","decl":{"start":{"line":7,"column":2},"end":{"line":7,"column":3}},"loc":{"start":{"line":7,"column":21},"end":{"line":9,"column":3}},"line":7},"1":{"name":"(anonymous_1)","decl":{"start":{"line":11,"column":2},"end":{"line":11,"column":3}},"loc":{"start":{"line":11,"column":22},"end":{"line":15,"column":3}},"line":11},"2":{"name":"(anonymous_2)","decl":{"start":{"line":16,"column":2},"end":{"line":16,"column":3}},"loc":{"start":{"line":16,"column":32},"end":{"line":20,"column":3}},"line":16},"3":{"name":"(anonymous_3)","decl":{"start":{"line":22,"column":2},"end":{"line":22,"column":3}},"loc":{"start":{"line":22,"column":11},"end":{"line":24,"column":3}},"line":22},"4":{"name":"(anonymous_4)","decl":{"start":{"line":27,"column":24},"end":{"line":27,"column":25}},"loc":{"start":{"line":27,"column":34},"end":{"line":29,"column":1}},"line":27},"5":{"name":"(anonymous_5)","decl":{"start":{"line":30,"column":27},"end":{"line":30,"column":28}},"loc":{"start":{"line":30,"column":48},"end":{"line":34,"column":1}},"line":30}},"branchMap":{"0":{"loc":{"start":{"line":12,"column":4},"end":{"line":14,"column":5}},"type":"if","locations":[{"start":{"line":12,"column":4},"end":{"line":14,"column":5}},{"start":{"line":12,"column":4},"end":{"line":14,"column":5}}],"line":12},"1":{"loc":{"start":{"line":17,"column":4},"end":{"line":19,"column":5}},"type":"if","locations":[{"start":{"line":17,"column":4},"end":{"line":19,"column":5}},{"start":{"line":17,"column":4},"end":{"line":19,"column":5}}],"line":17}},"s":{"0":1,"1":1,"2":0,"3":0,"4":0,"5":1,"6":1,"7":1,"8":1,"9":0},"f":{"0":1,"1":1,"2":0,"3":1,"4":1,"5":0},"b":{"0":[0,1],"1":[0,0]},"_coverageSchema":"43e27e138ebf9cfc5966b082cf9a028302ed4184","hash":"23d9384c8ad929c797b7f9bc525fdf44e26123ac"}
,"/Users/martin/code/sims2/playground/politico-react-2/src/components/Login/Login.js": {"path":"/Users/martin/code/sims2/playground/politico-react-2/src/components/Login/Login.js","statementMap":{"0":{"start":{"line":9,"column":4},"end":{"line":9,"column":17}},"1":{"start":{"line":10,"column":4},"end":{"line":13,"column":6}},"2":{"start":{"line":14,"column":4},"end":{"line":14,"column":53}},"3":{"start":{"line":15,"column":4},"end":{"line":15,"column":53}},"4":{"start":{"line":18,"column":4},"end":{"line":18,"column":27}},"5":{"start":{"line":19,"column":4},"end":{"line":19,"column":54}},"6":{"start":{"line":20,"column":4},"end":{"line":25,"column":7}},"7":{"start":{"line":21,"column":6},"end":{"line":24,"column":7}},"8":{"start":{"line":22,"column":8},"end":{"line":22,"column":55}},"9":{"start":{"line":23,"column":8},"end":{"line":23,"column":37}},"10":{"start":{"line":28,"column":4},"end":{"line":30,"column":7}},"11":{"start":{"line":33,"column":4},"end":{"line":86,"column":6}},"12":{"start":{"line":89,"column":24},"end":{"line":91,"column":1}},"13":{"start":{"line":90,"column":2},"end":{"line":90,"column":36}},"14":{"start":{"line":92,"column":27},"end":{"line":96,"column":1}},"15":{"start":{"line":93,"column":2},"end":{"line":95,"column":4}},"16":{"start":{"line":94,"column":32},"end":{"line":94,"column":66}}},"fnMap":{"0":{"name":"(anonymous_0)","decl":{"start":{"line":8,"column":2},"end":{"line":8,"column":3}},"loc":{"start":{"line":8,"column":21},"end":{"line":16,"column":3}},"line":8},"1":{"name":"(anonymous_1)","decl":{"start":{"line":17,"column":2},"end":{"line":17,"column":3}},"loc":{"start":{"line":17,"column":22},"end":{"line":26,"column":3}},"line":17},"2":{"name":"(anonymous_2)","decl":{"start":{"line":20,"column":31},"end":{"line":20,"column":32}},"loc":{"start":{"line":20,"column":41},"end":{"line":25,"column":5}},"line":20},"3":{"name":"(anonymous_3)","decl":{"start":{"line":27,"column":2},"end":{"line":27,"column":3}},"loc":{"start":{"line":27,"column":22},"end":{"line":31,"column":3}},"line":27},"4":{"name":"(anonymous_4)","decl":{"start":{"line":32,"column":2},"end":{"line":32,"column":3}},"loc":{"start":{"line":32,"column":11},"end":{"line":87,"column":3}},"line":32},"5":{"name":"(anonymous_5)","decl":{"start":{"line":89,"column":24},"end":{"line":89,"column":25}},"loc":{"start":{"line":89,"column":33},"end":{"line":91,"column":1}},"line":89},"6":{"name":"(anonymous_6)","decl":{"start":{"line":92,"column":27},"end":{"line":92,"column":28}},"loc":{"start":{"line":92,"column":39},"end":{"line":96,"column":1}},"line":92},"7":{"name":"(anonymous_7)","decl":{"start":{"line":94,"column":21},"end":{"line":94,"column":22}},"loc":{"start":{"line":94,"column":32},"end":{"line":94,"column":66}},"line":94}},"branchMap":{"0":{"loc":{"start":{"line":21,"column":6},"end":{"line":24,"column":7}},"type":"if","locations":[{"start":{"line":21,"column":6},"end":{"line":24,"column":7}},{"start":{"line":21,"column":6},"end":{"line":24,"column":7}}],"line":21}},"s":{"0":2,"1":2,"2":2,"3":2,"4":1,"5":1,"6":1,"7":0,"8":0,"9":0,"10":2,"11":6,"12":2,"13":4,"14":2,"15":2,"16":1},"f":{"0":2,"1":1,"2":0,"3":2,"4":6,"5":4,"6":2,"7":1},"b":{"0":[0,0]},"_coverageSchema":"43e27e138ebf9cfc5966b082cf9a028302ed4184","hash":"36dc18d9d6a7f5ee49d2c3ea7c03479bc2695bd4"}
,"/Users/martin/code/sims2/playground/politico-react-2/src/components/Nav/Nav.js": {"path":"/Users/martin/code/sims2/playground/politico-react-2/src/components/Nav/Nav.js","statementMap":{"0":{"start":{"line":3,"column":15},"end":{"line":41,"column":1}},"1":{"start":{"line":4,"column":2},"end":{"line":40,"column":4}},"2":{"start":{"line":27,"column":20},"end":{"line":27,"column":41}},"3":{"start":{"line":28,"column":20},"end":{"line":28,"column":43}},"4":{"start":{"line":29,"column":20},"end":{"line":29,"column":49}}},"fnMap":{"0":{"name":"(anonymous_0)","decl":{"start":{"line":3,"column":15},"end":{"line":3,"column":16}},"loc":{"start":{"line":3,"column":24},"end":{"line":41,"column":1}},"line":3},"1":{"name":"(anonymous_1)","decl":{"start":{"line":26,"column":27},"end":{"line":26,"column":28}},"loc":{"start":{"line":26,"column":33},"end":{"line":30,"column":19}},"line":26}},"branchMap":{},"s":{"0":1,"1":1,"2":0,"3":0,"4":0},"f":{"0":1,"1":0},"b":{},"_coverageSchema":"43e27e138ebf9cfc5966b082cf9a028302ed4184","hash":"01871654dde904c4de09e03bc22d3f9312982836"}
,"/Users/martin/code/sims2/playground/politico-react-2/src/redux/actionTypes.js": {"path":"/Users/martin/code/sims2/playground/politico-react-2/src/redux/actionTypes.js","statementMap":{"0":{"start":{"line":1,"column":20},"end":{"line":5,"column":1}}},"fnMap":{},"branchMap":{},"s":{"0":8},"f":{},"b":{},"_coverageSchema":"43e27e138ebf9cfc5966b082cf9a028302ed4184","hash":"b6d92ff13694adcdfbc5988e36854e781278cd4e"}
,"/Users/martin/code/sims2/playground/politico-react-2/src/redux/store.js": {"path":"/Users/martin/code/sims2/playground/politico-react-2/src/redux/store.js","statementMap":{"0":{"start":{"line":4,"column":21},"end":{"line":6,"column":1}},"1":{"start":{"line":8,"column":14},"end":{"line":12,"column":1}}},"fnMap":{},"branchMap":{"0":{"loc":{"start":{"line":11,"column":2},"end":{"line":11,"column":78}},"type":"binary-expr","locations":[{"start":{"line":11,"column":2},"end":{"line":11,"column":37}},{"start":{"line":11,"column":41},"end":{"line":11,"column":78}}],"line":11}},"s":{"0":3,"1":3},"f":{},"b":{"0":[3,0]},"_coverageSchema":"43e27e138ebf9cfc5966b082cf9a028302ed4184","hash":"46a374685f43f1b86afaa997a21dc1b2b9ee2ed7"}
,"/Users/martin/code/sims2/playground/politico-react-2/src/redux/actions/loginActions.js": {"path":"/Users/martin/code/sims2/playground/politico-react-2/src/redux/actions/loginActions.js","statementMap":{"0":{"start":{"line":6,"column":14},"end":{"line":6,"column":36}},"1":{"start":{"line":7,"column":2},"end":{"line":25,"column":7}},"2":{"start":{"line":10,"column":6},"end":{"line":17,"column":7}},"3":{"start":{"line":11,"column":21},"end":{"line":11,"column":39}},"4":{"start":{"line":12,"column":8},"end":{"line":12,"column":52}},"5":{"start":{"line":13,"column":8},"end":{"line":13,"column":66}},"6":{"start":{"line":14,"column":8},"end":{"line":14,"column":52}},"7":{"start":{"line":15,"column":8},"end":{"line":15,"column":61}},"8":{"start":{"line":16,"column":8},"end":{"line":16,"column":20}},"9":{"start":{"line":20,"column":6},"end":{"line":24,"column":7}},"10":{"start":{"line":21,"column":21},"end":{"line":21,"column":40}},"11":{"start":{"line":22,"column":8},"end":{"line":22,"column":52}},"12":{"start":{"line":23,"column":8},"end":{"line":23,"column":21}}},"fnMap":{"0":{"name":"(anonymous_0)","decl":{"start":{"line":5,"column":15},"end":{"line":5,"column":16}},"loc":{"start":{"line":5,"column":30},"end":{"line":26,"column":1}},"line":5},"1":{"name":"(anonymous_1)","decl":{"start":{"line":9,"column":10},"end":{"line":9,"column":11}},"loc":{"start":{"line":9,"column":22},"end":{"line":18,"column":5}},"line":9},"2":{"name":"(anonymous_2)","decl":{"start":{"line":19,"column":11},"end":{"line":19,"column":12}},"loc":{"start":{"line":19,"column":20},"end":{"line":25,"column":5}},"line":19}},"branchMap":{"0":{"loc":{"start":{"line":5,"column":16},"end":{"line":5,"column":25}},"type":"default-arg","locations":[{"start":{"line":5,"column":23},"end":{"line":5,"column":25}}],"line":5},"1":{"loc":{"start":{"line":10,"column":6},"end":{"line":17,"column":7}},"type":"if","locations":[{"start":{"line":10,"column":6},"end":{"line":17,"column":7}},{"start":{"line":10,"column":6},"end":{"line":17,"column":7}}],"line":10},"2":{"loc":{"start":{"line":20,"column":6},"end":{"line":24,"column":7}},"type":"if","locations":[{"start":{"line":20,"column":6},"end":{"line":24,"column":7}},{"start":{"line":20,"column":6},"end":{"line":24,"column":7}}],"line":20}},"s":{"0":3,"1":3,"2":1,"3":1,"4":1,"5":1,"6":1,"7":1,"8":1,"9":1,"10":1,"11":1,"12":1},"f":{"0":3,"1":1,"2":1},"b":{"0":[0],"1":[1,0],"2":[1,0]},"_coverageSchema":"43e27e138ebf9cfc5966b082cf9a028302ed4184","hash":"6384d404bb8bc4908af751829274459181c0de2a"}
,"/Users/martin/code/sims2/playground/politico-react-2/src/redux/actions/messageAction.js": {"path":"/Users/martin/code/sims2/playground/politico-react-2/src/redux/actions/messageAction.js","statementMap":{"0":{"start":{"line":2,"column":24},"end":{"line":7,"column":1}},"1":{"start":{"line":3,"column":2},"end":{"line":6,"column":4}}},"fnMap":{"0":{"name":"(anonymous_0)","decl":{"start":{"line":2,"column":24},"end":{"line":2,"column":25}},"loc":{"start":{"line":2,"column":35},"end":{"line":7,"column":1}},"line":2}},"branchMap":{},"s":{"0":4,"1":3},"f":{"0":3},"b":{},"_coverageSchema":"43e27e138ebf9cfc5966b082cf9a028302ed4184","hash":"75fae8e44839409fea995b8c6a55a3f1e5ecf7ca"}
,"/Users/martin/code/sims2/playground/politico-react-2/src/redux/reducers/candidateReducer.js": {"path":"/Users/martin/code/sims2/playground/politico-react-2/src/redux/reducers/candidateReducer.js","statementMap":{"0":{"start":{"line":2,"column":21},"end":{"line":4,"column":1}},"1":{"start":{"line":6,"column":2},"end":{"line":11,"column":3}},"2":{"start":{"line":8,"column":6},"end":{"line":8,"column":43}},"3":{"start":{"line":10,"column":6},"end":{"line":10,"column":19}}},"fnMap":{"0":{"name":"candidateReducer","decl":{"start":{"line":5,"column":24},"end":{"line":5,"column":40}},"loc":{"start":{"line":5,"column":71},"end":{"line":12,"column":1}},"line":5}},"branchMap":{"0":{"loc":{"start":{"line":5,"column":41},"end":{"line":5,"column":61}},"type":"default-arg","locations":[{"start":{"line":5,"column":49},"end":{"line":5,"column":61}}],"line":5},"1":{"loc":{"start":{"line":6,"column":2},"end":{"line":11,"column":3}},"type":"switch","locations":[{"start":{"line":7,"column":4},"end":{"line":8,"column":43}},{"start":{"line":9,"column":4},"end":{"line":10,"column":19}}],"line":6}},"s":{"0":8,"1":33,"2":2,"3":31},"f":{"0":33},"b":{"0":[18],"1":[2,31]},"_coverageSchema":"43e27e138ebf9cfc5966b082cf9a028302ed4184","hash":"bc52cba65f7f281d3c9c691d9ac19ad4eb95bc75"}
,"/Users/martin/code/sims2/playground/politico-react-2/src/redux/reducers/index.js": {"path":"/Users/martin/code/sims2/playground/politico-react-2/src/redux/reducers/index.js","statementMap":{},"fnMap":{},"branchMap":{},"s":{},"f":{},"b":{},"_coverageSchema":"43e27e138ebf9cfc5966b082cf9a028302ed4184","hash":"f842c5b5ac1e476779cfb40339c655e84e052b37"}
,"/Users/martin/code/sims2/playground/politico-react-2/src/redux/reducers/messageReducer.js": {"path":"/Users/martin/code/sims2/playground/politico-react-2/src/redux/reducers/messageReducer.js","statementMap":{"0":{"start":{"line":3,"column":23},"end":{"line":10,"column":1}},"1":{"start":{"line":4,"column":2},"end":{"line":9,"column":3}},"2":{"start":{"line":6,"column":6},"end":{"line":6,"column":28}},"3":{"start":{"line":8,"column":6},"end":{"line":8,"column":19}}},"fnMap":{"0":{"name":"(anonymous_0)","decl":{"start":{"line":3,"column":23},"end":{"line":3,"column":24}},"loc":{"start":{"line":3,"column":47},"end":{"line":10,"column":1}},"line":3}},"branchMap":{"0":{"loc":{"start":{"line":3,"column":24},"end":{"line":3,"column":34}},"type":"default-arg","locations":[{"start":{"line":3,"column":32},"end":{"line":3,"column":34}}],"line":3},"1":{"loc":{"start":{"line":4,"column":2},"end":{"line":9,"column":3}},"type":"switch","locations":[{"start":{"line":5,"column":4},"end":{"line":6,"column":28}},{"start":{"line":7,"column":4},"end":{"line":8,"column":19}}],"line":4}},"s":{"0":8,"1":29,"2":2,"3":27},"f":{"0":29},"b":{"0":[27],"1":[2,27]},"_coverageSchema":"43e27e138ebf9cfc5966b082cf9a028302ed4184","hash":"dd0d389304c6c1eb1a51267673e784c7bf136cbb"}
,"/Users/martin/code/sims2/playground/politico-react-2/src/utils/globalVars.js": {"path":"/Users/martin/code/sims2/playground/politico-react-2/src/utils/globalVars.js","statementMap":{"0":{"start":{"line":1,"column":23},"end":{"line":1,"column":67}},"1":{"start":{"line":3,"column":25},"end":{"line":9,"column":1}},"2":{"start":{"line":4,"column":4},"end":{"line":8,"column":6}}},"fnMap":{"0":{"name":"(anonymous_0)","decl":{"start":{"line":3,"column":25},"end":{"line":3,"column":26}},"loc":{"start":{"line":3,"column":31},"end":{"line":9,"column":1}},"line":3}},"branchMap":{},"s":{"0":3,"1":3,"2":0},"f":{"0":0},"b":{},"_coverageSchema":"43e27e138ebf9cfc5966b082cf9a028302ed4184","hash":"14c12fc47a769bb533e0b0ca5f1565e748793124"}
}
