TN:
SF:/Users/martin/code/sims2/playground/politico-react-2/src/routes.js
FN:9,(anonymous_0)
FNF:1
FNH:1
FNDA:1,(anonymous_0)
DA:9,1
DA:10,1
LF:2
LH:2
BRF:0
BRH:0
end_of_record
TN:
SF:/Users/martin/code/sims2/playground/politico-react-2/src/components/App.js
FN:15,(anonymous_0)
FNF:1
FNH:1
FNDA:1,(anonymous_0)
DA:9,1
DA:16,1
LF:2
LH:2
BRF:0
BRH:0
end_of_record
TN:
SF:/Users/martin/code/sims2/playground/politico-react-2/src/components/Helpers/Alert.js
FN:7,(anonymous_0)
FN:11,(anonymous_1)
FN:16,(anonymous_2)
FN:22,(anonymous_3)
FN:27,(anonymous_4)
FN:30,(anonymous_5)
FNF:6
FNH:4
FNDA:1,(anonymous_0)
FNDA:1,(anonymous_1)
FNDA:0,(anonymous_2)
FNDA:1,(anonymous_3)
FNDA:1,(anonymous_4)
FNDA:0,(anonymous_5)
DA:8,1
DA:12,1
DA:13,0
DA:17,0
DA:18,0
DA:23,1
DA:27,1
DA:30,1
DA:31,0
LF:9
LH:5
BRDA:12,0,0,0
BRDA:12,0,1,1
BRDA:17,1,0,0
BRDA:17,1,1,0
BRF:4
BRH:1
end_of_record
TN:
SF:/Users/martin/code/sims2/playground/politico-react-2/src/components/Login/Login.js
FN:8,(anonymous_0)
FN:17,(anonymous_1)
FN:20,(anonymous_2)
FN:27,(anonymous_3)
FN:32,(anonymous_4)
FN:89,(anonymous_5)
FN:92,(anonymous_6)
FN:94,(anonymous_7)
FNF:8
FNH:7
FNDA:2,(anonymous_0)
FNDA:1,(anonymous_1)
FNDA:0,(anonymous_2)
FNDA:2,(anonymous_3)
FNDA:6,(anonymous_4)
FNDA:4,(anonymous_5)
FNDA:2,(anonymous_6)
FNDA:1,(anonymous_7)
DA:9,2
DA:10,2
DA:14,2
DA:15,2
DA:18,1
DA:19,1
DA:20,1
DA:21,0
DA:22,0
DA:23,0
DA:28,2
DA:33,6
DA:89,2
DA:90,4
DA:92,2
DA:93,2
DA:94,1
LF:17
LH:14
BRDA:21,0,0,0
BRDA:21,0,1,0
BRF:2
BRH:0
end_of_record
TN:
SF:/Users/martin/code/sims2/playground/politico-react-2/src/components/Nav/Nav.js
FN:3,(anonymous_0)
FN:26,(anonymous_1)
FNF:2
FNH:1
FNDA:1,(anonymous_0)
FNDA:0,(anonymous_1)
DA:3,1
DA:4,1
DA:27,0
DA:28,0
DA:29,0
LF:5
LH:2
BRF:0
BRH:0
end_of_record
TN:
SF:/Users/martin/code/sims2/playground/politico-react-2/src/redux/actionTypes.js
FNF:0
FNH:0
DA:1,8
LF:1
LH:1
BRF:0
BRH:0
end_of_record
TN:
SF:/Users/martin/code/sims2/playground/politico-react-2/src/redux/store.js
FNF:0
FNH:0
DA:4,3
DA:8,3
LF:2
LH:2
BRDA:11,0,0,3
BRDA:11,0,1,0
BRF:2
BRH:1
end_of_record
TN:
SF:/Users/martin/code/sims2/playground/politico-react-2/src/redux/actions/loginActions.js
FN:5,(anonymous_0)
FN:9,(anonymous_1)
FN:19,(anonymous_2)
FNF:3
FNH:3
FNDA:3,(anonymous_0)
FNDA:1,(anonymous_1)
FNDA:1,(anonymous_2)
DA:6,3
DA:7,3
DA:10,1
DA:11,1
DA:12,1
DA:13,1
DA:14,1
DA:15,1
DA:16,1
DA:20,1
DA:21,1
DA:22,1
DA:23,1
LF:13
LH:13
BRDA:5,0,0,0
BRDA:10,1,0,1
BRDA:10,1,1,0
BRDA:20,2,0,1
BRDA:20,2,1,0
BRF:5
BRH:2
end_of_record
TN:
SF:/Users/martin/code/sims2/playground/politico-react-2/src/redux/actions/messageAction.js
FN:2,(anonymous_0)
FNF:1
FNH:1
FNDA:3,(anonymous_0)
DA:2,4
DA:3,3
LF:2
LH:2
BRF:0
BRH:0
end_of_record
TN:
SF:/Users/martin/code/sims2/playground/politico-react-2/src/redux/reducers/candidateReducer.js
FN:5,candidateReducer
FNF:1
FNH:1
FNDA:33,candidateReducer
DA:2,8
DA:6,33
DA:8,2
DA:10,31
LF:4
LH:4
BRDA:5,0,0,18
BRDA:6,1,0,2
BRDA:6,1,1,31
BRF:3
BRH:3
end_of_record
TN:
SF:/Users/martin/code/sims2/playground/politico-react-2/src/redux/reducers/index.js
FNF:0
FNH:0
LF:0
LH:0
BRF:0
BRH:0
end_of_record
TN:
SF:/Users/martin/code/sims2/playground/politico-react-2/src/redux/reducers/messageReducer.js
FN:3,(anonymous_0)
FNF:1
FNH:1
FNDA:29,(anonymous_0)
DA:3,8
DA:4,29
DA:6,2
DA:8,27
LF:4
LH:4
BRDA:3,0,0,27
BRDA:4,1,0,2
BRDA:4,1,1,27
BRF:3
BRH:3
end_of_record
TN:
SF:/Users/martin/code/sims2/playground/politico-react-2/src/utils/globalVars.js
FN:3,(anonymous_0)
FNF:1
FNH:0
FNDA:0,(anonymous_0)
DA:1,3
DA:3,3
DA:4,0
LF:3
LH:2
BRF:0
BRH:0
end_of_record
