TN:
SF:/Users/martin/code/sims2/playground/politico-react-2/src/routes.js
FN:8,(anonymous_0)
FNF:1
FNH:1
FNDA:1,(anonymous_0)
DA:8,1
DA:9,1
LF:2
LH:2
BRF:0
BRH:0
end_of_record
TN:
SF:/Users/martin/code/sims2/playground/politico-react-2/src/components/App.js
FN:13,(anonymous_0)
FNF:1
FNH:1
FNDA:1,(anonymous_0)
DA:7,1
DA:14,1
LF:2
LH:2
BRF:0
BRH:0
end_of_record
TN:
SF:/Users/martin/code/sims2/playground/politico-react-2/src/components/400/NotFound.js
FN:4,(anonymous_0)
FNF:1
FNH:0
FNDA:0,(anonymous_0)
DA:5,0
LF:1
LH:0
BRF:0
BRH:0
end_of_record
TN:
SF:/Users/martin/code/sims2/playground/politico-react-2/src/components/Home/Home.js
FN:4,(anonymous_0)
FN:8,(anonymous_1)
FNF:2
FNH:2
FNDA:2,(anonymous_0)
FNDA:2,(anonymous_1)
DA:5,2
DA:6,2
DA:9,2
LF:3
LH:3
BRF:0
BRH:0
end_of_record
TN:
SF:/Users/martin/code/sims2/playground/politico-react-2/src/components/Nav/Nav.js
FN:4,(anonymous_0)
FN:27,(anonymous_1)
FNF:2
FNH:1
FNDA:1,(anonymous_0)
FNDA:0,(anonymous_1)
DA:4,1
DA:5,1
DA:28,0
DA:29,0
DA:30,0
LF:5
LH:2
BRF:0
BRH:0
end_of_record
TN:
SF:/Users/martin/code/sims2/playground/politico-react-2/src/components/hoc/PrivateRoute.js
FN:4,isLoggedin
FN:12,(anonymous_1)
FN:18,(anonymous_2)
FNF:3
FNH:0
FNDA:0,isLoggedin
FNDA:0,(anonymous_1)
FNDA:0,(anonymous_2)
DA:5,0
DA:6,0
DA:7,0
DA:8,0
DA:10,0
DA:12,1
DA:13,0
DA:14,0
DA:15,0
DA:19,0
LF:10
LH:1
BRDA:7,0,0,0
BRDA:7,0,1,0
BRDA:14,1,0,0
BRDA:14,1,1,0
BRDA:19,2,0,0
BRDA:19,2,1,0
BRF:6
BRH:0
end_of_record
TN:
SF:/Users/martin/code/sims2/playground/politico-react-2/src/redux/actionTypes.js
FNF:0
FNH:0
DA:1,5
LF:1
LH:1
BRF:0
BRH:0
end_of_record
TN:
SF:/Users/martin/code/sims2/playground/politico-react-2/src/redux/reducers/candidateReducer.js
FN:5,candidateReducer
FNF:1
FNH:1
FNDA:19,candidateReducer
DA:2,5
DA:6,19
DA:8,2
DA:10,17
LF:4
LH:4
BRDA:5,0,0,12
BRDA:6,1,0,2
BRDA:6,1,1,17
BRF:3
BRH:3
end_of_record
TN:
SF:/Users/martin/code/sims2/playground/politico-react-2/src/redux/reducers/index.js
FNF:0
FNH:0
LF:0
LH:0
BRF:0
BRH:0
end_of_record
